GPU Manager: NVIDIA GPU detected -> NVIDIA GeForce RTX 3050 Laptop GPU (4.0 GB VRAM). CUDA and FP16 enabled.
Model Manager: All local weights verified successfully.
Model Manager: Lazy preloading enabled. Models will load on-demand.
Starting AI Engine on device: NVIDIA GeForce RTX 3050 Laptop GPU...
INFO:     Started server process [26208]
INFO:     Waiting for application startup.
INFO:     Application startup complete.
INFO:     Uvicorn running on http://0.0.0.0:8000 (Press CTRL+C to quit)
INFO:     127.0.0.1:60194 - "GET /health HTTP/1.1" 200 OK
INFO:     127.0.0.1:60196 - "GET /health HTTP/1.1" 200 OK
[Request Received] /api/python/ghibli | Prompt: sunset
Model Manager: Loading Ghibli pipeline...
Model Manager: Loading Stable Diffusion XL Turbo Pipeline...
Keyword arguments {'safety_checker': None, 'requires_safety_checker': False} are not expected by StableDiffusionXLImg2ImgPipeline and will be ignored.
Loading pipeline components...:   0%|          | 0/7 [00:00<?, ?it/s]Loading pipeline components...:  14%|#4        | 1/7 [00:00<00:00, 15.18it/s]
Model Manager: Failed to load SDXL Turbo on GPU: Error no file named pytorch_model.bin, tf_model.h5, model.ckpt.index or flax_model.msgpack found in directory C:\Users\ASUS\Desktop\scatchAI\models\stable_diffusion\models--stabilityai--sdxl-turbo\snapshots\71153311d3dbb46851df1931d3ca6e939de83304\text_encoder_2.. Falling back to CPU.
Keyword arguments {'safety_checker': None, 'requires_safety_checker': False} are not expected by StableDiffusionXLImg2ImgPipeline and will be ignored.
Loading pipeline components...:   0%|          | 0/7 [00:00<?, ?it/s]Loading pipeline components...:  14%|#4        | 1/7 [00:00<00:00, 18.22it/s]
Traceback (most recent call last):
  File "C:\Users\ASUS\Desktop\scatchAI\model_manager.py", line 245, in get_ghibli_pipe
    pipe = StableDiffusionXLImg2ImgPipeline.from_pretrained(
           ^^^^^^^^^^^^^^^^^^^^^^^^^^^^^^^^^^^^^^^^^^^^^^^^^
  File "C:\Users\ASUS\Desktop\scatchAI\venv\Lib\site-packages\huggingface_hub\utils\_validators.py", line 119, in _inner_fn
    return fn(*args, **kwargs)
           ^^^^^^^^^^^^^^^^^^^
  File "C:\Users\ASUS\Desktop\scatchAI\venv\Lib\site-packages\diffusers\pipelines\pipeline_utils.py", line 819, in from_pretrained
    loaded_sub_model = load_sub_model(
                       ^^^^^^^^^^^^^^^
  File "C:\Users\ASUS\Desktop\scatchAI\venv\Lib\site-packages\diffusers\pipelines\pipeline_loading_utils.py", line 473, in load_sub_model
    loaded_sub_model = load_method(os.path.join(cached_folder, name), **loading_kwargs)
                       ^^^^^^^^^^^^^^^^^^^^^^^^^^^^^^^^^^^^^^^^^^^^^^^^^^^^^^^^^^^^^^^^
  File "C:\Users\ASUS\Desktop\scatchAI\venv\Lib\site-packages\transformers\modeling_utils.py", line 3144, in from_pretrained
    raise EnvironmentError(
OSError: Error no file named pytorch_model.bin, tf_model.h5, model.ckpt.index or flax_model.msgpack found in directory C:\Users\ASUS\Desktop\scatchAI\models\stable_diffusion\models--stabilityai--sdxl-turbo\snapshots\71153311d3dbb46851df1931d3ca6e939de83304\text_encoder_2.

During handling of the above exception, another exception occurred:

Traceback (most recent call last):
  File "C:\Users\ASUS\Desktop\scatchAI\ai_engine.py", line 67, in generate_ghibli
    return await task_queue.submit(task)
           ^^^^^^^^^^^^^^^^^^^^^^^^^^^^^
  File "C:\Users\ASUS\Desktop\scatchAI\model_manager.py", line 120, in submit
    return await loop.run_in_executor(self.executor, fn)
           ^^^^^^^^^^^^^^^^^^^^^^^^^^^^^^^^^^^^^^^^^^^^^
  File "C:\Users\ASUS\AppData\Local\Programs\Python\Python311\Lib\concurrent\futures\thread.py", line 58, in run
    result = self.fn(*self.args, **self.kwargs)
             ^^^^^^^^^^^^^^^^^^^^^^^^^^^^^^^^^^
  File "C:\Users\ASUS\Desktop\scatchAI\ai_engine.py", line 42, in task
    pipe = model_manager.get_ghibli_pipe()
           ^^^^^^^^^^^^^^^^^^^^^^^^^^^^^^^
  File "C:\Users\ASUS\Desktop\scatchAI\model_manager.py", line 274, in get_ghibli_pipe
    pipe = StableDiffusionXLImg2ImgPipeline.from_pretrained(
           ^^^^^^^^^^^^^^^^^^^^^^^^^^^^^^^^^^^^^^^^^^^^^^^^^
  File "C:\Users\ASUS\Desktop\scatchAI\venv\Lib\site-packages\huggingface_hub\utils\_validators.py", line 119, in _inner_fn
    return fn(*args, **kwargs)
           ^^^^^^^^^^^^^^^^^^^
  File "C:\Users\ASUS\Desktop\scatchAI\venv\Lib\site-packages\diffusers\pipelines\pipeline_utils.py", line 819, in from_pretrained
    loaded_sub_model = load_sub_model(
                       ^^^^^^^^^^^^^^^
  File "C:\Users\ASUS\Desktop\scatchAI\venv\Lib\site-packages\diffusers\pipelines\pipeline_loading_utils.py", line 473, in load_sub_model
    loaded_sub_model = load_method(os.path.join(cached_folder, name), **loading_kwargs)
                       ^^^^^^^^^^^^^^^^^^^^^^^^^^^^^^^^^^^^^^^^^^^^^^^^^^^^^^^^^^^^^^^^
  File "C:\Users\ASUS\Desktop\scatchAI\venv\Lib\site-packages\transformers\modeling_utils.py", line 3144, in from_pretrained
    raise EnvironmentError(
OSError: Error no file named pytorch_model.bin, tf_model.h5, model.ckpt.index or flax_model.msgpack found in directory C:\Users\ASUS\Desktop\scatchAI\models\stable_diffusion\models--stabilityai--sdxl-turbo\snapshots\71153311d3dbb46851df1931d3ca6e939de83304\text_encoder_2.
Error in /api/python/ghibli: Error no file named pytorch_model.bin, tf_model.h5, model.ckpt.index or flax_model.msgpack found in directory C:\Users\ASUS\Desktop\scatchAI\models\stable_diffusion\models--stabilityai--sdxl-turbo\snapshots\71153311d3dbb46851df1931d3ca6e939de83304\text_encoder_2.
INFO:     127.0.0.1:51476 - "POST /api/python/ghibli HTTP/1.1" 500 Internal Server Error
[Request Received] /api/python/edit/remove-bg
Preprocessing input image (size: 128x128, mode: RGB)...
Model Manager: Running MODNet...
Model Manager: Loading MODNet for Background Removal...
[Success] remove_bg took 1.49s
INFO:     127.0.0.1:51478 - "POST /api/python/edit/remove-bg HTTP/1.1" 200 OK
[Request Received] /api/python/edit/bg-replace | Prompt: starry night sky
Preprocessing input image (size: 128x128, mode: RGB)...
Model Manager: Segmenting foreground via MODNet...
Model Manager: Loading Ghibli pipeline for background generation...
Model Manager: Loading Stable Diffusion XL Turbo Pipeline...
Keyword arguments {'safety_checker': None, 'requires_safety_checker': False} are not expected by StableDiffusionXLImg2ImgPipeline and will be ignored.
Loading pipeline components...:   0%|          | 0/7 [00:00<?, ?it/s]Loading pipeline components...:  14%|#4        | 1/7 [00:00<00:00, 22.49it/s]
Model Manager: Failed to load SDXL Turbo on GPU: Error no file named pytorch_model.bin, tf_model.h5, model.ckpt.index or flax_model.msgpack found in directory C:\Users\ASUS\Desktop\scatchAI\models\stable_diffusion\models--stabilityai--sdxl-turbo\snapshots\71153311d3dbb46851df1931d3ca6e939de83304\text_encoder_2.. Falling back to CPU.
Keyword arguments {'safety_checker': None, 'requires_safety_checker': False} are not expected by StableDiffusionXLImg2ImgPipeline and will be ignored.
Loading pipeline components...:   0%|          | 0/7 [00:00<?, ?it/s]Loading pipeline components...:  14%|#4        | 1/7 [00:00<00:00, 20.34it/s]
Traceback (most recent call last):
  File "C:\Users\ASUS\Desktop\scatchAI\model_manager.py", line 245, in get_ghibli_pipe
    pipe = StableDiffusionXLImg2ImgPipeline.from_pretrained(
           ^^^^^^^^^^^^^^^^^^^^^^^^^^^^^^^^^^^^^^^^^^^^^^^^^
  File "C:\Users\ASUS\Desktop\scatchAI\venv\Lib\site-packages\huggingface_hub\utils\_validators.py", line 119, in _inner_fn
    return fn(*args, **kwargs)
           ^^^^^^^^^^^^^^^^^^^
  File "C:\Users\ASUS\Desktop\scatchAI\venv\Lib\site-packages\diffusers\pipelines\pipeline_utils.py", line 819, in from_pretrained
    loaded_sub_model = load_sub_model(
                       ^^^^^^^^^^^^^^^
  File "C:\Users\ASUS\Desktop\scatchAI\venv\Lib\site-packages\diffusers\pipelines\pipeline_loading_utils.py", line 473, in load_sub_model
    loaded_sub_model = load_method(os.path.join(cached_folder, name), **loading_kwargs)
                       ^^^^^^^^^^^^^^^^^^^^^^^^^^^^^^^^^^^^^^^^^^^^^^^^^^^^^^^^^^^^^^^^
  File "C:\Users\ASUS\Desktop\scatchAI\venv\Lib\site-packages\transformers\modeling_utils.py", line 3144, in from_pretrained
    raise EnvironmentError(
OSError: Error no file named pytorch_model.bin, tf_model.h5, model.ckpt.index or flax_model.msgpack found in directory C:\Users\ASUS\Desktop\scatchAI\models\stable_diffusion\models--stabilityai--sdxl-turbo\snapshots\71153311d3dbb46851df1931d3ca6e939de83304\text_encoder_2.

During handling of the above exception, another exception occurred:

Traceback (most recent call last):
  File "C:\Users\ASUS\Desktop\scatchAI\ai_engine.py", line 189, in replace_bg
    return await task_queue.submit(task)
           ^^^^^^^^^^^^^^^^^^^^^^^^^^^^^
  File "C:\Users\ASUS\Desktop\scatchAI\model_manager.py", line 120, in submit
    return await loop.run_in_executor(self.executor, fn)
           ^^^^^^^^^^^^^^^^^^^^^^^^^^^^^^^^^^^^^^^^^^^^^
  File "C:\Users\ASUS\AppData\Local\Programs\Python\Python311\Lib\concurrent\futures\thread.py", line 58, in run
    result = self.fn(*self.args, **self.kwargs)
             ^^^^^^^^^^^^^^^^^^^^^^^^^^^^^^^^^^
  File "C:\Users\ASUS\Desktop\scatchAI\ai_engine.py", line 165, in task
    pipe = model_manager.get_ghibli_pipe()
           ^^^^^^^^^^^^^^^^^^^^^^^^^^^^^^^
  File "C:\Users\ASUS\Desktop\scatchAI\model_manager.py", line 274, in get_ghibli_pipe
    pipe = StableDiffusionXLImg2ImgPipeline.from_pretrained(
           ^^^^^^^^^^^^^^^^^^^^^^^^^^^^^^^^^^^^^^^^^^^^^^^^^
  File "C:\Users\ASUS\Desktop\scatchAI\venv\Lib\site-packages\huggingface_hub\utils\_validators.py", line 119, in _inner_fn
    return fn(*args, **kwargs)
           ^^^^^^^^^^^^^^^^^^^
  File "C:\Users\ASUS\Desktop\scatchAI\venv\Lib\site-packages\diffusers\pipelines\pipeline_utils.py", line 819, in from_pretrained
    loaded_sub_model = load_sub_model(
                       ^^^^^^^^^^^^^^^
  File "C:\Users\ASUS\Desktop\scatchAI\venv\Lib\site-packages\diffusers\pipelines\pipeline_loading_utils.py", line 473, in load_sub_model
    loaded_sub_model = load_method(os.path.join(cached_folder, name), **loading_kwargs)
                       ^^^^^^^^^^^^^^^^^^^^^^^^^^^^^^^^^^^^^^^^^^^^^^^^^^^^^^^^^^^^^^^^
  File "C:\Users\ASUS\Desktop\scatchAI\venv\Lib\site-packages\transformers\modeling_utils.py", line 3144, in from_pretrained
    raise EnvironmentError(
OSError: Error no file named pytorch_model.bin, tf_model.h5, model.ckpt.index or flax_model.msgpack found in directory C:\Users\ASUS\Desktop\scatchAI\models\stable_diffusion\models--stabilityai--sdxl-turbo\snapshots\71153311d3dbb46851df1931d3ca6e939de83304\text_encoder_2.
Error in /api/python/edit/bg-replace: Error no file named pytorch_model.bin, tf_model.h5, model.ckpt.index or flax_model.msgpack found in directory C:\Users\ASUS\Desktop\scatchAI\models\stable_diffusion\models--stabilityai--sdxl-turbo\snapshots\71153311d3dbb46851df1931d3ca6e939de83304\text_encoder_2.
INFO:     127.0.0.1:51480 - "POST /api/python/edit/bg-replace HTTP/1.1" 500 Internal Server Error
Processing mask (mode: L)...
[Request Received] /api/python/edit/inpaint (SimpleLama)
Model Manager: Loading SimpleLama...
Model Manager: Loading SimpleLama for Object Removal...
Running SimpleLama inpainting...
[Success] SimpleLama inpaint took 1.77s
INFO:     127.0.0.1:51482 - "POST /api/python/edit/inpaint HTTP/1.1" 200 OK
[Request Received] /api/python/edit/upscale | Scale: 2X
Model Manager: Loading Real-ESRGAN...
Model Manager: Loading Real-ESRGAN...
Running Real-ESRGAN upscaling...
	Tile 1/1
[Success] upscale (2X) took 1.98s
INFO:     127.0.0.1:53653 - "POST /api/python/edit/upscale HTTP/1.1" 200 OK
